<?xml version="1.0" encoding="UTF-8"?>
<!-- Generated by org.testng.reporters.JUnitReportReporter -->
<testsuite skipped="0" hostname="iMac-de-holman.local" name="com.segurosbolivar.automation.tests.alliedRegister.RunnerRegister" tests="1" failures="0" timestamp="05 Jan 2021 20:39:47 GMT" time="34.796" errors="1">
  <testcase name="successfullRegister" time="34.796" classname="com.segurosbolivar.automation.tests.alliedRegister.RunnerRegister">
    <error type="java.util.concurrent.TimeoutException">
      <![CDATA[java.util.concurrent.TimeoutException
at java.util.concurrent.FutureTask.get(FutureTask.java:205)
at org.awaitility.core.ConditionAwaiter.await(ConditionAwaiter.java:87)
at org.awaitility.core.CallableCondition.await(CallableCondition.java:79)
at org.awaitility.core.CallableCondition.await(CallableCondition.java:27)
at org.awaitility.core.ConditionFactory.until(ConditionFactory.java:840)
at org.awaitility.core.ConditionFactory.until(ConditionFactory.java:802)
at com.segurosbolivar.automation.commons.Methods.awaitToFindElement(Methods.java:158)
at com.segurosbolivar.automation.tests.alliedRegister.MethodsRegister.validateRegistration(MethodsRegister.java:32)
at com.segurosbolivar.automation.tests.alliedRegister.StepsRegister.validateEmail(StepsRegister.java:32)
at com.segurosbolivar.automation.tests.alliedRegister.RunnerRegister.successfullRegister(RunnerRegister.java:16)
at sun.reflect.NativeMethodAccessorImpl.invoke0(Native Method)
at sun.reflect.NativeMethodAccessorImpl.invoke(NativeMethodAccessorImpl.java:62)
at sun.reflect.DelegatingMethodAccessorImpl.invoke(DelegatingMethodAccessorImpl.java:43)
at java.lang.reflect.Method.invoke(Method.java:498)
at org.testng.internal.MethodInvocationHelper.invokeMethod(MethodInvocationHelper.java:124)
at org.testng.internal.Invoker.invokeMethod(Invoker.java:583)
at org.testng.internal.Invoker.invokeTestMethod(Invoker.java:719)
at org.testng.internal.Invoker.invokeTestMethods(Invoker.java:989)
at org.testng.internal.TestMethodWorker.invokeTestMethods(TestMethodWorker.java:125)
at org.testng.internal.TestMethodWorker.run(TestMethodWorker.java:109)
at java.util.concurrent.ThreadPoolExecutor.runWorker(ThreadPoolExecutor.java:1149)
at java.util.concurrent.ThreadPoolExecutor$Worker.run(ThreadPoolExecutor.java:624)
at java.lang.Thread.run(Thread.java:748)
]]>
    </error>
  </testcase> <!-- successfullRegister -->
</testsuite> <!-- com.segurosbolivar.automation.tests.alliedRegister.RunnerRegister -->
