<?xml version="1.0" encoding="UTF-8"?>
<!-- Generated by org.testng.reporters.JUnitReportReporter -->
<testsuite skipped="0" hostname="iMac-de-holman.local" name="com.segurosbolivar.automation.tests.login.RunnerLogin" tests="1" failures="0" timestamp="04 Jan 2021 00:30:27 GMT" time="30.379" errors="1">
  <testcase name="successfullLogin" time="30.379" classname="com.segurosbolivar.automation.tests.login.RunnerLogin">
    <error type="java.lang.ArrayIndexOutOfBoundsException" message="1">
      <![CDATA[java.lang.ArrayIndexOutOfBoundsException: 1
at com.segurosbolivar.automation.commons.Services.toByVal(Services.java:86)
at com.segurosbolivar.automation.commons.Services.waitingForElement(Services.java:34)
at com.segurosbolivar.automation.tests.login.MethodsLogin.fillAllTheRequiredFields(MethodsLogin.java:34)
at com.segurosbolivar.automation.tests.login.StepsLogin.fillAll(StepsLogin.java:27)
at com.segurosbolivar.automation.tests.login.RunnerLogin.successfullLogin(RunnerLogin.java:14)
at sun.reflect.NativeMethodAccessorImpl.invoke0(Native Method)
at sun.reflect.NativeMethodAccessorImpl.invoke(NativeMethodAccessorImpl.java:62)
at sun.reflect.DelegatingMethodAccessorImpl.invoke(DelegatingMethodAccessorImpl.java:43)
at java.lang.reflect.Method.invoke(Method.java:498)
at org.testng.internal.MethodInvocationHelper.invokeMethod(MethodInvocationHelper.java:124)
at org.testng.internal.Invoker.invokeMethod(Invoker.java:583)
at org.testng.internal.Invoker.invokeTestMethod(Invoker.java:719)
at org.testng.internal.Invoker.invokeTestMethods(Invoker.java:989)
at org.testng.internal.TestMethodWorker.invokeTestMethods(TestMethodWorker.java:125)
at org.testng.internal.TestMethodWorker.run(TestMethodWorker.java:109)
at java.util.concurrent.ThreadPoolExecutor.runWorker(ThreadPoolExecutor.java:1149)
at java.util.concurrent.ThreadPoolExecutor$Worker.run(ThreadPoolExecutor.java:624)
at java.lang.Thread.run(Thread.java:748)
]]>
    </error>
  </testcase> <!-- successfullLogin -->
</testsuite> <!-- com.segurosbolivar.automation.tests.login.RunnerLogin -->
