<?xml version="1.0" encoding="UTF-8"?>
<!-- Generated by org.testng.reporters.JUnitReportReporter -->
<testsuite skipped="0" hostname="iMac-de-holman.local" name="com.segurosbolivar.automation.tests.login.RunnerLogin" tests="1" failures="0" timestamp="11 Jan 2021 06:55:15 GMT" time="59.572" errors="0">
  <testcase name="successfullGmail" time="59.572" classname="com.segurosbolivar.automation.tests.login.RunnerLogin"/>
</testsuite> <!-- com.segurosbolivar.automation.tests.login.RunnerLogin -->
