<?xml version="1.0" encoding="UTF-8"?>
<!-- Generated by org.testng.reporters.JUnitReportReporter -->
<testsuite skipped="0" hostname="iMac-de-holman.local" name="com.segurosbolivar.automation.tests.register.RunnerRegister" tests="1" failures="0" timestamp="04 Jan 2021 04:59:30 GMT" time="30.647" errors="0">
  <testcase name="successfullRegister" time="30.647" classname="com.segurosbolivar.automation.tests.register.RunnerRegister"/>
</testsuite> <!-- com.segurosbolivar.automation.tests.register.RunnerRegister -->
