<?xml version="1.0" encoding="UTF-8"?>
<!-- Generated by org.testng.reporters.JUnitReportReporter -->
<testsuite skipped="0" hostname="holmans-iMac.local" name="com.segurosbolivar.automation.tests.login.RunnerLogin" tests="1" failures="1" timestamp="14 May 2021 15:26:56 GMT" time="101.519" errors="0">
  <testcase name="login" time="101.519" classname="com.segurosbolivar.automation.tests.login.RunnerLogin">
    <failure type="java.lang.AssertionError" message="expected [asdf] but found [HOLA PRUEBAS]">
      <![CDATA[java.lang.AssertionError: expected [asdf] but found [HOLA PRUEBAS]
at org.testng.Assert.fail(Assert.java:96)
at org.testng.Assert.failNotEquals(Assert.java:776)
at org.testng.Assert.assertEqualsImpl(Assert.java:137)
at org.testng.Assert.assertEquals(Assert.java:118)
at org.testng.Assert.assertEquals(Assert.java:453)
at org.testng.Assert.assertEquals(Assert.java:463)
at com.segurosbolivar.automation.tests.login.StepsLogin.fillAll(StepsLogin.java:32)
at com.segurosbolivar.automation.tests.login.RunnerLogin.login(RunnerLogin.java:20)
at sun.reflect.NativeMethodAccessorImpl.invoke0(Native Method)
at sun.reflect.NativeMethodAccessorImpl.invoke(NativeMethodAccessorImpl.java:62)
at sun.reflect.DelegatingMethodAccessorImpl.invoke(DelegatingMethodAccessorImpl.java:43)
at java.lang.reflect.Method.invoke(Method.java:498)
at org.testng.internal.MethodInvocationHelper.invokeMethod(MethodInvocationHelper.java:124)
at org.testng.internal.Invoker.invokeMethod(Invoker.java:583)
at org.testng.internal.Invoker.invokeTestMethod(Invoker.java:719)
at org.testng.internal.Invoker.invokeTestMethods(Invoker.java:989)
at org.testng.internal.TestMethodWorker.invokeTestMethods(TestMethodWorker.java:125)
at org.testng.internal.TestMethodWorker.run(TestMethodWorker.java:109)
at java.util.concurrent.ThreadPoolExecutor.runWorker(ThreadPoolExecutor.java:1149)
at java.util.concurrent.ThreadPoolExecutor$Worker.run(ThreadPoolExecutor.java:624)
at java.lang.Thread.run(Thread.java:748)
]]>
    </failure>
  </testcase> <!-- login -->
</testsuite> <!-- com.segurosbolivar.automation.tests.login.RunnerLogin -->
