<?xml version="1.0" encoding="UTF-8"?>
<testsuite name="com.segurosbolivar.automation.tests.register.RunnerRegister" tests="1" skipped="0" failures="0" errors="0" timestamp="2021-01-04T04:58:56" hostname="iMac-de-holman.local" time="26.954">
  <properties/>
  <testcase name="successfullRegister" classname="com.segurosbolivar.automation.tests.register.RunnerRegister" time="26.954"/>
  <system-out><![CDATA[TEST SUCCESSFUL!
]]></system-out>
  <system-err><![CDATA[Starting ChromeDriver 87.0.4280.20 (c99e81631faa0b2a448e658c0dbd8311fb04ddbd-refs/branch-heads/4280@{#355}) on port 35741
Only local connections are allowed.
Please see https://chromedriver.chromium.org/security-considerations for suggestions on keeping ChromeDriver safe.
ChromeDriver was started successfully.
Jan 03, 2021 11:58:54 PM org.openqa.selenium.remote.ProtocolHandshake createSession
INFO: Detected dialect: W3C
]]></system-err>
</testsuite>
