<?xml version="1.0" encoding="UTF-8"?>
<testsuite name="com.segurosbolivar.automation.tests.PublishHome.RunnerPublishHome" tests="3" skipped="3" failures="0" errors="0" timestamp="2021-01-04T00:30:17" hostname="iMac-de-holman.local" time="5.012">
  <properties/>
  <testcase name="validateStepOneTracking" classname="com.segurosbolivar.automation.tests.PublishHome.RunnerPublishHome" time="5.012">
    <skipped/>
  </testcase>
  <testcase name="validateOptionKnowHowToPublish" classname="com.segurosbolivar.automation.tests.PublishHome.RunnerPublishHome" time="13.288">
    <skipped/>
  </testcase>
  <testcase name="validateOptionPublishProperty" classname="com.segurosbolivar.automation.tests.PublishHome.RunnerPublishHome" time="20.816">
    <skipped/>
  </testcase>
  <system-out><![CDATA[no such window: target window already closed
from unknown error: web view not found
  (Session info: chrome=87.0.4280.88)
Build info: version: '3.141.59', revision: 'e82be7d358', time: '2018-11-14T08:17:03'
System info: host: 'iMac-de-holman.local', ip: '192.168.1.51', os.name: 'Mac OS X', os.arch: 'x86_64', os.version: '10.15.7', java.version: '1.8.0_252'
Driver info: org.openqa.selenium.chrome.ChromeDriver
Capabilities {acceptInsecureCerts: false, browserName: chrome, browserVersion: 87.0.4280.88, chrome: {chromedriverVersion: 87.0.4280.20 (c99e81631faa0..., userDataDir: /var/folders/16/6lvfwgfs1cg...}, goog:chromeOptions: {debuggerAddress: localhost:52023}, javascriptEnabled: true, networkConnectionEnabled: false, pageLoadStrategy: normal, platform: MAC, platformName: MAC, proxy: Proxy(), setWindowRect: true, strictFileInteractability: false, timeouts: {implicit: 0, pageLoad: 300000, script: 30000}, unhandledPromptBehavior: dismiss and notify, webauthn:virtualAuthenticators: true}
Session ID: ca864170d9bfd4f722d1beaf0d2cf16d
*** Element info: {Using=xpath, value=(//div/a[@href='/publicar'])[1]}
false  Not Present 
THIS TEST FAILED!
THIS TEST FAILED!
chrome not reachable
  (Session info: chrome=87.0.4280.88)
Build info: version: '3.141.59', revision: 'e82be7d358', time: '2018-11-14T08:17:03'
System info: host: 'iMac-de-holman.local', ip: '192.168.1.51', os.name: 'Mac OS X', os.arch: 'x86_64', os.version: '10.15.7', java.version: '1.8.0_252'
Driver info: org.openqa.selenium.chrome.ChromeDriver
Capabilities {acceptInsecureCerts: false, browserName: chrome, browserVersion: 87.0.4280.88, chrome: {chromedriverVersion: 87.0.4280.20 (c99e81631faa0..., userDataDir: /var/folders/16/6lvfwgfs1cg...}, goog:chromeOptions: {debuggerAddress: localhost:52056}, javascriptEnabled: true, networkConnectionEnabled: false, pageLoadStrategy: normal, platform: MAC, platformName: MAC, proxy: Proxy(), setWindowRect: true, strictFileInteractability: false, timeouts: {implicit: 0, pageLoad: 300000, script: 30000}, unhandledPromptBehavior: dismiss and notify, webauthn:virtualAuthenticators: true}
Session ID: 287b8e4e5ab8f7344ebbbf81bb1616b8
*** Element info: {Using=xpath, value=(//div/a[@href='/publicar'])[2]}
false  Not Present 
THIS TEST FAILED!
THIS TEST FAILED!
THIS TEST FAILED!
THIS TEST FAILED!
]]></system-out>
  <system-err><![CDATA[Starting ChromeDriver 87.0.4280.20 (c99e81631faa0b2a448e658c0dbd8311fb04ddbd-refs/branch-heads/4280@{#355}) on port 2179
Only local connections are allowed.
Please see https://chromedriver.chromium.org/security-considerations for suggestions on keeping ChromeDriver safe.
ChromeDriver was started successfully.
Jan 03, 2021 7:30:00 PM org.openqa.selenium.remote.ProtocolHandshake createSession
INFO: Detected dialect: W3C
[1609720201.200][SEVERE]: Unable to receive message from renderer
Starting ChromeDriver 87.0.4280.20 (c99e81631faa0b2a448e658c0dbd8311fb04ddbd-refs/branch-heads/4280@{#355}) on port 4996
Only local connections are allowed.
Please see https://chromedriver.chromium.org/security-considerations for suggestions on keeping ChromeDriver safe.
ChromeDriver was started successfully.
Jan 03, 2021 7:30:07 PM org.openqa.selenium.remote.ProtocolHandshake createSession
INFO: Detected dialect: W3C
Starting ChromeDriver 87.0.4280.20 (c99e81631faa0b2a448e658c0dbd8311fb04ddbd-refs/branch-heads/4280@{#355}) on port 26782
Only local connections are allowed.
Please see https://chromedriver.chromium.org/security-considerations for suggestions on keeping ChromeDriver safe.
ChromeDriver was started successfully.
Jan 03, 2021 7:30:14 PM org.openqa.selenium.remote.ProtocolHandshake createSession
INFO: Detected dialect: W3C
[1609720217.009][SEVERE]: Unable to receive message from renderer
]]></system-err>
</testsuite>
